# JRE version: OpenJDK Runtime Environment Temurin-21.0.10+7 (21.0.10+7) (build 21.0.10+7-LTS)
# Java VM: OpenJDK 64-Bit Server VM Temurin-21.0.10+7 (21.0.10+7-LTS, mixed mode, sharing, tiered, compressed oops, compressed class ptrs, parallel gc, windows-amd64)
GC Precious Log:
 CardTable entry size: 512
 CPUs: 12 total, 12 available
 Memory: 15979M
 Large Page Support: Disabled
 NUMA Support: Disabled
 Compressed Oops: Enabled (32-bit)
 Alignments: Space 512K, Generation 512K, Heap 2M
 Heap Min Capacity: 100M
 Heap Initial Capacity: 100M
 Heap Max Capacity: 2G
 Pre-touch: Disabled
 Parallel Workers: 10
Heap:
 PSYoungGen      total 7680K, used 3233K [0x00000000d5580000, 0x00000000d6480000, 0x0000000100000000)
  eden space 7168K, 38% used [0x00000000d5580000,0x00000000d582ee00,0x00000000d5c80000)
  from space 512K, 94% used [0x00000000d5d80000,0x00000000d5df9848,0x00000000d5e00000)
  to   space 4096K, 0% used [0x00000000d6080000,0x00000000d6080000,0x00000000d6480000)
 ParOldGen       total 666112K, used 665905K [0x0000000080000000, 0x00000000a8a80000, 0x00000000d5580000)
  object space 666112K, 99% used [0x0000000080000000,0x00000000a8a4c5b0,0x00000000a8a80000)
 Metaspace       used 86819K, committed 88768K, reserved 1179648K
  class space    used 9213K, committed 10112K, reserved 1048576K
GC Heap History (20 events):
Event: 328.530 GC heap after
{Heap after GC invocations=809 (full 4):
 PSYoungGen      total 7680K, used 3047K [0x00000000d5580000, 0x00000000d6b00000, 0x0000000100000000)
  eden space 4608K, 0% used [0x00000000d5580000,0x00000000d5580000,0x00000000d5a00000)
  from space 3072K, 99% used [0x00000000d5a00000,0x00000000d5cf9c50,0x00000000d5d00000)
  to   space 8192K, 0% used [0x00000000d6300000,0x00000000d6300000,0x00000000d6b00000)
 ParOldGen       total 621056K, used 620799K [0x0000000080000000, 0x00000000a5e80000, 0x00000000d5580000)
  object space 621056K, 99% used [0x0000000080000000,0x00000000a5e3fd48,0x00000000a5e80000)
 Metaspace       used 86617K, committed 88576K, reserved 1179648K
  class space    used 9205K, committed 10112K, reserved 1048576K
}
Event: 328.573 GC heap before
{Heap before GC invocations=810 (full 4):
 PSYoungGen      total 7680K, used 7655K [0x00000000d5580000, 0x00000000d6b00000, 0x0000000100000000)
  eden space 4608K, 100% used [0x00000000d5580000,0x00000000d5a00000,0x00000000d5a00000)
  from space 3072K, 99% used [0x00000000d5a00000,0x00000000d5cf9c50,0x00000000d5d00000)
  to   space 8192K, 0% used [0x00000000d6300000,0x00000000d6300000,0x00000000d6b00000)
 ParOldGen       total 621056K, used 620799K [0x0000000080000000, 0x00000000a5e80000, 0x00000000d5580000)
  object space 621056K, 99% used [0x0000000080000000,0x00000000a5e3fd48,0x00000000a5e80000)
 Metaspace       used 86618K, committed 88576K, reserved 1179648K
  class space    used 9205K, committed 10112K, reserved 1048576K
}
Event: 328.578 GC heap after
{Heap after GC invocations=810 (full 4):
 PSYoungGen      total 8704K, used 2784K [0x00000000d5580000, 0x00000000d6600000, 0x0000000100000000)
  eden space 5632K, 0% used [0x00000000d5580000,0x00000000d5580000,0x00000000d5b00000)
  from space 3072K, 90% used [0x00000000d6300000,0x00000000d65b8040,0x00000000d6600000)
  to   space 4608K, 0% used [0x00000000d5d00000,0x00000000d5d00000,0x00000000d6180000)
 ParOldGen       total 624128K, used 623846K [0x0000000080000000, 0x00000000a6180000, 0x00000000d5580000)
  object space 624128K, 99% used [0x0000000080000000,0x00000000a6139998,0x00000000a6180000)
 Metaspace       used 86618K, committed 88576K, reserved 1179648K
  class space    used 9205K, committed 10112K, reserved 1048576K
}
Event: 328.627 GC heap before
{Heap before GC invocations=811 (full 4):
 PSYoungGen      total 8704K, used 8416K [0x00000000d5580000, 0x00000000d6600000, 0x0000000100000000)
  eden space 5632K, 100% used [0x00000000d5580000,0x00000000d5b00000,0x00000000d5b00000)
  from space 3072K, 90% used [0x00000000d6300000,0x00000000d65b8040,0x00000000d6600000)
  to   space 4608K, 0% used [0x00000000d5d00000,0x00000000d5d00000,0x00000000d6180000)
 ParOldGen       total 655872K, used 654566K [0x0000000080000000, 0x00000000a8080000, 0x00000000d5580000)
  object space 655872K, 99% used [0x0000000080000000,0x00000000a7f399c8,0x00000000a8080000)
 Metaspace       used 86639K, committed 88576K, reserved 1179648K
  class space    used 9205K, committed 10112K, reserved 1048576K
}
Event: 328.630 GC heap after
{Heap after GC invocations=811 (full 4):
 PSYoungGen      total 10240K, used 608K [0x00000000d5580000, 0x00000000d6380000, 0x0000000100000000)
  eden space 5632K, 0% used [0x00000000d5580000,0x00000000d5580000,0x00000000d5b00000)
  from space 4608K, 13% used [0x00000000d5d00000,0x00000000d5d98000,0x00000000d6180000)
  to   space 2048K, 0% used [0x00000000d6180000,0x00000000d6180000,0x00000000d6380000)
 ParOldGen       total 657408K, used 657174K [0x0000000080000000, 0x00000000a8200000, 0x00000000d5580000)
  object space 657408K, 99% used [0x0000000080000000,0x00000000a81c59f8,0x00000000a8200000)
 Metaspace       used 86639K, committed 88576K, reserved 1179648K
  class space    used 9205K, committed 10112K, reserved 1048576K
}
Event: 330.925 GC heap before
{Heap before GC invocations=812 (full 4):
 PSYoungGen      total 10240K, used 6239K [0x00000000d5580000, 0x00000000d6380000, 0x0000000100000000)
  eden space 5632K, 99% used [0x00000000d5580000,0x00000000d5affff8,0x00000000d5b00000)
  from space 4608K, 13% used [0x00000000d5d00000,0x00000000d5d98000,0x00000000d6180000)
  to   space 2048K, 0% used [0x00000000d6180000,0x00000000d6180000,0x00000000d6380000)
 ParOldGen       total 657408K, used 657174K [0x0000000080000000, 0x00000000a8200000, 0x00000000d5580000)
  object space 657408K, 99% used [0x0000000080000000,0x00000000a81c59f8,0x00000000a8200000)
 Metaspace       used 86659K, committed 88640K, reserved 1179648K
  class space    used 9205K, committed 10112K, reserved 1048576K
}
Event: 330.926 GC heap after
{Heap after GC invocations=812 (full 4):
 PSYoungGen      total 6656K, used 528K [0x00000000d5580000, 0x00000000d6280000, 0x0000000100000000)
  eden space 5632K, 0% used [0x00000000d5580000,0x00000000d5580000,0x00000000d5b00000)
  from space 1024K, 51% used [0x00000000d6180000,0x00000000d6204010,0x00000000d6280000)
  to   space 1024K, 0% used [0x00000000d6080000,0x00000000d6080000,0x00000000d6180000)
 ParOldGen       total 657920K, used 657603K [0x0000000080000000, 0x00000000a8280000, 0x00000000d5580000)
  object space 657920K, 99% used [0x0000000080000000,0x00000000a8230f28,0x00000000a8280000)
 Metaspace       used 86659K, committed 88640K, reserved 1179648K
  class space    used 9205K, committed 10112K, reserved 1048576K
}
Event: 331.662 GC heap before
{Heap before GC invocations=813 (full 4):
 PSYoungGen      total 6656K, used 6159K [0x00000000d5580000, 0x00000000d6280000, 0x0000000100000000)
  eden space 5632K, 99% used [0x00000000d5580000,0x00000000d5afff88,0x00000000d5b00000)
  from space 1024K, 51% used [0x00000000d6180000,0x00000000d6204010,0x00000000d6280000)
  to   space 1024K, 0% used [0x00000000d6080000,0x00000000d6080000,0x00000000d6180000)
 ParOldGen       total 657920K, used 657603K [0x0000000080000000, 0x00000000a8280000, 0x00000000d5580000)
  object space 657920K, 99% used [0x0000000080000000,0x00000000a8230f28,0x00000000a8280000)
 Metaspace       used 86675K, committed 88640K, reserved 1179648K
  class space    used 9205K, committed 10112K, reserved 1048576K
}
Event: 331.663 GC heap after
{Heap after GC invocations=813 (full 4):
 PSYoungGen      total 6656K, used 864K [0x00000000d5580000, 0x00000000d6200000, 0x0000000100000000)
  eden space 5632K, 0% used [0x00000000d5580000,0x00000000d5580000,0x00000000d5b00000)
  from space 1024K, 84% used [0x00000000d6080000,0x00000000d6158000,0x00000000d6180000)
  to   space 512K, 0% used [0x00000000d6180000,0x00000000d6180000,0x00000000d6200000)
 ParOldGen       total 657920K, used 657651K [0x0000000080000000, 0x00000000a8280000, 0x00000000d5580000)
  object space 657920K, 99% used [0x0000000080000000,0x00000000a823cf28,0x00000000a8280000)
 Metaspace       used 86675K, committed 88640K, reserved 1179648K
  class space    used 9205K, committed 10112K, reserved 1048576K
}
Event: 331.671 GC heap before
{Heap before GC invocations=814 (full 4):
 PSYoungGen      total 6656K, used 6496K [0x00000000d5580000, 0x00000000d6200000, 0x0000000100000000)
  eden space 5632K, 100% used [0x00000000d5580000,0x00000000d5b00000,0x00000000d5b00000)
  from space 1024K, 84% used [0x00000000d6080000,0x00000000d6158000,0x00000000d6180000)
  to   space 512K, 0% used [0x00000000d6180000,0x00000000d6180000,0x00000000d6200000)
 ParOldGen       total 657920K, used 657651K [0x0000000080000000, 0x00000000a8280000, 0x00000000d5580000)
  object space 657920K, 99% used [0x0000000080000000,0x00000000a823cf28,0x00000000a8280000)
 Metaspace       used 86676K, committed 88640K, reserved 1179648K
  class space    used 9205K, committed 10112K, reserved 1048576K
}
Event: 331.677 GC heap after
{Heap after GC invocations=814 (full 4):
 PSYoungGen      total 6144K, used 486K [0x00000000d5580000, 0x00000000d6200000, 0x0000000100000000)
  eden space 5632K, 0% used [0x00000000d5580000,0x00000000d5580000,0x00000000d5b00000)
  from space 512K, 94% used [0x00000000d6180000,0x00000000d61f9858,0x00000000d6200000)
  to   space 3584K, 0% used [0x00000000d5b00000,0x00000000d5b00000,0x00000000d5e80000)
 ParOldGen       total 660480K, used 660096K [0x0000000080000000, 0x00000000a8500000, 0x00000000d5580000)
  object space 660480K, 99% used [0x0000000080000000,0x00000000a84a0290,0x00000000a8500000)
 Metaspace       used 86676K, committed 88640K, reserved 1179648K
  class space    used 9205K, committed 10112K, reserved 1048576K
}
Event: 331.686 GC heap before
{Heap before GC invocations=815 (full 4):
 PSYoungGen      total 6144K, used 6118K [0x00000000d5580000, 0x00000000d6200000, 0x0000000100000000)
  eden space 5632K, 100% used [0x00000000d5580000,0x00000000d5b00000,0x00000000d5b00000)
  from space 512K, 94% used [0x00000000d6180000,0x00000000d61f9858,0x00000000d6200000)
  to   space 3584K, 0% used [0x00000000d5b00000,0x00000000d5b00000,0x00000000d5e80000)
 ParOldGen       total 660480K, used 660096K [0x0000000080000000, 0x00000000a8500000, 0x00000000d5580000)
  object space 660480K, 99% used [0x0000000080000000,0x00000000a84a0290,0x00000000a8500000)
 Metaspace       used 86676K, committed 88640K, reserved 1179648K
  class space    used 9205K, committed 10112K, reserved 1048576K
}
Event: 331.688 GC heap after
{Heap after GC invocations=815 (full 4):
 PSYoungGen      total 9216K, used 2752K [0x00000000d5580000, 0x00000000d6200000, 0x0000000100000000)
  eden space 5632K, 0% used [0x00000000d5580000,0x00000000d5580000,0x00000000d5b00000)
  from space 3584K, 76% used [0x00000000d5b00000,0x00000000d5db0000,0x00000000d5e80000)
  to   space 3072K, 0% used [0x00000000d5f00000,0x00000000d5f00000,0x00000000d6200000)
 ParOldGen       total 660992K, used 660584K [0x0000000080000000, 0x00000000a8580000, 0x00000000d5580000)
  object space 660992K, 99% used [0x0000000080000000,0x00000000a851a3e8,0x00000000a8580000)
 Metaspace       used 86676K, committed 88640K, reserved 1179648K
  class space    used 9205K, committed 10112K, reserved 1048576K
}
Event: 331.768 GC heap before
{Heap before GC invocations=816 (full 4):
 PSYoungGen      total 9216K, used 8364K [0x00000000d5580000, 0x00000000d6200000, 0x0000000100000000)
  eden space 5632K, 99% used [0x00000000d5580000,0x00000000d5afb1c0,0x00000000d5b00000)
  from space 3584K, 76% used [0x00000000d5b00000,0x00000000d5db0000,0x00000000d5e80000)
  to   space 3072K, 0% used [0x00000000d5f00000,0x00000000d5f00000,0x00000000d6200000)
 ParOldGen       total 660992K, used 660584K [0x0000000080000000, 0x00000000a8580000, 0x00000000d5580000)
  object space 660992K, 99% used [0x0000000080000000,0x00000000a851a3e8,0x00000000a8580000)
 Metaspace       used 86781K, committed 88768K, reserved 1179648K
  class space    used 9212K, committed 10112K, reserved 1048576K
}
Event: 331.773 GC heap after
{Heap after GC invocations=816 (full 4):
 PSYoungGen      total 7680K, used 1764K [0x00000000d5580000, 0x00000000d6100000, 0x0000000100000000)
  eden space 5632K, 0% used [0x00000000d5580000,0x00000000d5580000,0x00000000d5b00000)
  from space 2048K, 86% used [0x00000000d5f00000,0x00000000d60b9240,0x00000000d6100000)
  to   space 2560K, 0% used [0x00000000d5c00000,0x00000000d5c00000,0x00000000d5e80000)
 ParOldGen       total 663040K, used 662912K [0x0000000080000000, 0x00000000a8780000, 0x00000000d5580000)
  object space 663040K, 99% used [0x0000000080000000,0x00000000a87603e8,0x00000000a8780000)
 Metaspace       used 86781K, committed 88768K, reserved 1179648K
  class space    used 9212K, committed 10112K, reserved 1048576K
}
Event: 331.855 GC heap before
{Heap before GC invocations=817 (full 4):
 PSYoungGen      total 7680K, used 7396K [0x00000000d5580000, 0x00000000d6100000, 0x0000000100000000)
  eden space 5632K, 100% used [0x00000000d5580000,0x00000000d5b00000,0x00000000d5b00000)
  from space 2048K, 86% used [0x00000000d5f00000,0x00000000d60b9240,0x00000000d6100000)
  to   space 2560K, 0% used [0x00000000d5c00000,0x00000000d5c00000,0x00000000d5e80000)
 ParOldGen       total 663040K, used 662912K [0x0000000080000000, 0x00000000a8780000, 0x00000000d5580000)
  object space 663040K, 99% used [0x0000000080000000,0x00000000a87603e8,0x00000000a8780000)
 Metaspace       used 86805K, committed 88768K, reserved 1179648K
  class space    used 9212K, committed 10112K, reserved 1048576K
}
Event: 331.856 GC heap after
{Heap after GC invocations=817 (full 4):
 PSYoungGen      total 6656K, used 940K [0x00000000d5580000, 0x00000000d5f80000, 0x0000000100000000)
  eden space 5632K, 0% used [0x00000000d5580000,0x00000000d5580000,0x00000000d5b00000)
  from space 1024K, 91% used [0x00000000d5c00000,0x00000000d5ceb090,0x00000000d5d00000)
  to   space 1536K, 0% used [0x00000000d5e00000,0x00000000d5e00000,0x00000000d5f80000)
 ParOldGen       total 663552K, used 663118K [0x0000000080000000, 0x00000000a8800000, 0x00000000d5580000)
  object space 663552K, 99% used [0x0000000080000000,0x00000000a87938e8,0x00000000a8800000)
 Metaspace       used 86805K, committed 88768K, reserved 1179648K
  class space    used 9212K, committed 10112K, reserved 1048576K
}
Event: 331.871 GC heap before
{Heap before GC invocations=818 (full 4):
 PSYoungGen      total 6656K, used 6572K [0x00000000d5580000, 0x00000000d5f80000, 0x0000000100000000)
  eden space 5632K, 100% used [0x00000000d5580000,0x00000000d5b00000,0x00000000d5b00000)
  from space 1024K, 91% used [0x00000000d5c00000,0x00000000d5ceb090,0x00000000d5d00000)
  to   space 1536K, 0% used [0x00000000d5e00000,0x00000000d5e00000,0x00000000d5f80000)
 ParOldGen       total 663552K, used 663118K [0x0000000080000000, 0x00000000a8800000, 0x00000000d5580000)
  object space 663552K, 99% used [0x0000000080000000,0x00000000a87938e8,0x00000000a8800000)
 Metaspace       used 86805K, committed 88768K, reserved 1179648K
  class space    used 9212K, committed 10112K, reserved 1048576K
}
Event: 331.873 GC heap after
{Heap after GC invocations=818 (full 4):
 PSYoungGen      total 6144K, used 160K [0x00000000d5580000, 0x00000000d5e80000, 0x0000000100000000)
  eden space 5632K, 0% used [0x00000000d5580000,0x00000000d5580000,0x00000000d5b00000)
  from space 512K, 31% used [0x00000000d5e00000,0x00000000d5e28000,0x00000000d5e80000)
  to   space 512K, 0% used [0x00000000d5d80000,0x00000000d5d80000,0x00000000d5e00000)
 ParOldGen       total 663552K, used 663198K [0x0000000080000000, 0x00000000a8800000, 0x00000000d5580000)
  object space 663552K, 99% used [0x0000000080000000,0x00000000a87a78e8,0x00000000a8800000)
 Metaspace       used 86805K, committed 88768K, reserved 1179648K
  class space    used 9212K, committed 10112K, reserved 1048576K
}
Event: 331.997 GC heap before
{Heap before GC invocations=819 (full 4):
 PSYoungGen      total 6144K, used 5792K [0x00000000d5580000, 0x00000000d5e80000, 0x0000000100000000)
  eden space 5632K, 100% used [0x00000000d5580000,0x00000000d5b00000,0x00000000d5b00000)
  from space 512K, 31% used [0x00000000d5e00000,0x00000000d5e28000,0x00000000d5e80000)
  to   space 512K, 0% used [0x00000000d5d80000,0x00000000d5d80000,0x00000000d5e00000)
 ParOldGen       total 663552K, used 663198K [0x0000000080000000, 0x00000000a8800000, 0x00000000d5580000)
  object space 663552K, 99% used [0x0000000080000000,0x00000000a87a78e8,0x00000000a8800000)
 Metaspace       used 86816K, committed 88768K, reserved 1179648K
  class space    used 9213K, committed 10112K, reserved 1048576K
}

